{"C:\\Users\\GSome\\tutorials\\Jest\\Jest-Practice\\AM-Jest\\myfuncs.js": {"path":"C:\\Users\\GSome\\tutorials\\Jest\\Jest-Practice\\AM-Jest\\myfuncs.js","statementMap":{"0":{"start":{"line":1,"column":15},"end":{"line":7,"column":1}},"1":{"start":{"line":2,"column":4},"end":{"line":6,"column":5}},"2":{"start":{"line":3,"column":8},"end":{"line":3,"column":18}},"3":{"start":{"line":5,"column":8},"end":{"line":5,"column":21}},"4":{"start":{"line":9,"column":0},"end":{"line":9,"column":23}}},"fnMap":{"0":{"name":"(anonymous_0)","decl":{"start":{"line":1,"column":15},"end":{"line":1,"column":16}},"loc":{"start":{"line":1,"column":24},"end":{"line":7,"column":1}},"line":1}},"branchMap":{"0":{"loc":{"start":{"line":2,"column":4},"end":{"line":6,"column":5}},"type":"if","locations":[{"start":{"line":2,"column":4},"end":{"line":6,"column":5}},{"start":{"line":2,"column":4},"end":{"line":6,"column":5}}],"line":2}},"s":{"0":1,"1":4,"2":3,"3":1,"4":1},"f":{"0":4},"b":{"0":[3,1]},"_coverageSchema":"1a1c01bbd47fc00a2c39e90264f33305004495a9","hash":"7aed06e37cd9a65a47201b9e1b98bc9ceacc630c"}
}
